  drawing.cpp
c:\users\bakan\documents\github\drawing\drawing.cpp(134): warning C4244: '初期化中': 'double' から 'int' への変換です。データが失われる可能性があります。
c:\users\bakan\documents\github\drawing\drawing.cpp(165): warning C4244: '=': 'double' から 'int' への変換です。データが失われる可能性があります。
c:\users\bakan\documents\github\drawing\drawing.cpp(166): warning C4244: '=': 'double' から 'int' への変換です。データが失われる可能性があります。
c:\users\bakan\documents\github\drawing\drawing.cpp(171): warning C4244: '引数': 'double' から 'int' への変換です。データが失われる可能性があります。
c:\users\bakan\documents\github\drawing\drawing.cpp(172): warning C4244: '引数': 'double' から 'int' への変換です。データが失われる可能性があります。
c:\users\bakan\documents\github\drawing\drawing.cpp(178): warning C4244: '=': 'double' から 'int' への変換です。データが失われる可能性があります。
c:\users\bakan\documents\github\drawing\drawing.cpp(179): warning C4244: '=': 'double' から 'int' への変換です。データが失われる可能性があります。
c:\users\bakan\documents\github\drawing\drawing.cpp(194): warning C4244: '=': 'double' から 'int' への変換です。データが失われる可能性があります。
c:\users\bakan\documents\github\drawing\drawing.cpp(195): warning C4244: '=': 'double' から 'int' への変換です。データが失われる可能性があります。
c:\users\bakan\documents\github\drawing\drawing.cpp(139): warning C4996: 'fopen': This function or variable may be unsafe. Consider using fopen_s instead. To disable deprecation, use _CRT_SECURE_NO_WARNINGS. See online help for details.
  c:\program files (x86)\windows kits\10\include\10.0.10240.0\ucrt\stdio.h(205): note: 'fopen' の宣言を確認してください
c:\users\bakan\documents\github\drawing\drawing.cpp(155): warning C4996: 'fscanf': This function or variable may be unsafe. Consider using fscanf_s instead. To disable deprecation, use _CRT_SECURE_NO_WARNINGS. See online help for details.
  c:\program files (x86)\windows kits\10\include\10.0.10240.0\ucrt\stdio.h(1193): note: 'fscanf' の宣言を確認してください
c:\users\bakan\documents\github\drawing\drawing.cpp(111): warning C4101: 'hFont': ローカル変数は 1 度も使われていません。
c:\users\bakan\documents\github\drawing\drawing.cpp(118): warning C4101: 'rect4': ローカル変数は 1 度も使われていません。
c:\users\bakan\documents\github\drawing\drawing.cpp(118): warning C4101: 'rect3': ローカル変数は 1 度も使われていません。
c:\users\bakan\documents\github\drawing\drawing.cpp(235): warning C4244: '引数': 'double' から 'int' への変換です。データが失われる可能性があります。
c:\users\bakan\documents\github\drawing\drawing.cpp(236): warning C4244: '引数': 'double' から 'int' への変換です。データが失われる可能性があります。
c:\users\bakan\documents\github\drawing\drawing.cpp(237): warning C4244: '引数': 'double' から 'int' への変換です。データが失われる可能性があります。
c:\users\bakan\documents\github\drawing\drawing.cpp(238): warning C4244: '引数': 'double' から 'int' への変換です。データが失われる可能性があります。
c:\users\bakan\documents\github\drawing\drawing.cpp(244): warning C4244: '引数': 'double' から 'int' への変換です。データが失われる可能性があります。
c:\users\bakan\documents\github\drawing\drawing.cpp(260): warning C4101: 'ps': ローカル変数は 1 度も使われていません。
c:\users\bakan\documents\github\drawing\drawing.cpp(314): warning C4244: '引数': 'double' から 'int' への変換です。データが失われる可能性があります。
c:\users\bakan\documents\github\drawing\drawing.cpp(315): warning C4244: '引数': 'double' から 'int' への変換です。データが失われる可能性があります。
c:\users\bakan\documents\github\drawing\drawing.cpp(316): warning C4244: '引数': 'double' から 'int' への変換です。データが失われる可能性があります。
c:\users\bakan\documents\github\drawing\drawing.cpp(317): warning C4244: '引数': 'double' から 'int' への変換です。データが失われる可能性があります。
c:\users\bakan\documents\github\drawing\drawing.cpp(322): warning C4244: '引数': 'double' から 'int' への変換です。データが失われる可能性があります。
  timer.vcxproj -> C:\Users\bakan\Documents\GitHub\drawing\Debug\drawing.exe
  timer.vcxproj -> C:\Users\bakan\Documents\GitHub\drawing\Debug\drawing.pdb (Full PDB)
